<?xml version="1.0" encoding="UTF-8"?>
<testng-results ignored="0" total="1" passed="1" failed="0" skipped="0">
  <reporter-output>
  </reporter-output>
  <suite started-at="2024-11-15T12:55:49 IST" name="Default suite" finished-at="2024-11-15T12:56:09 IST" duration-ms="19708">
    <groups>
      <group name="cucumber">
        <method signature="AbstractTestNGCucumberTests.runScenario(io.cucumber.testng.PickleWrapper,io.cucumber.testng.FeatureWrapper)[pri:0, instance:org.runner.TestRunner@cc43f62]" name="runScenario" class="io.cucumber.testng.AbstractTestNGCucumberTests"/>
      </group> <!-- cucumber -->
    </groups>
    <test started-at="2024-11-15T12:55:49 IST" name="Default test" finished-at="2024-11-15T12:56:09 IST" duration-ms="19708">
      <class name="org.runner.TestRunner">
        <test-method is-config="true" signature="setUpClass(org.testng.ITestContext)[pri:0, instance:org.runner.TestRunner@cc43f62]" started-at="2024-11-15T12:55:49 IST" name="setUpClass" finished-at="2024-11-15T12:55:50 IST" duration-ms="739" status="PASS">
          <params>
            <param index="0">
              <value>
                <![CDATA[org.testng.TestRunner@3762c4fc]]>
              </value>
            </param>
          </params>
          <reporter-output>
          </reporter-output>
        </test-method> <!-- setUpClass -->
        <test-method signature="runScenario(io.cucumber.testng.PickleWrapper,io.cucumber.testng.FeatureWrapper)[pri:0, instance:org.runner.TestRunner@cc43f62]" started-at="2024-11-15T12:55:50 IST" name="runScenario" description="Runs Cucumber Scenarios" data-provider="scenarios" finished-at="2024-11-15T12:56:09 IST" duration-ms="18841" status="PASS">
          <params>
            <param index="0">
              <value>
                <![CDATA["Adjust Slider, Update Text Field, and Verify CPT Codes and Reimbursement"]]>
              </value>
            </param>
            <param index="1">
              <value>
                <![CDATA["FitPeo Revenue Calculator Functionality and Validating"]]>
              </value>
            </param>
          </params>
          <reporter-output>
          </reporter-output>
        </test-method> <!-- runScenario -->
        <test-method is-config="true" signature="tearDownClass()[pri:0, instance:org.runner.TestRunner@cc43f62]" started-at="2024-11-15T12:56:09 IST" name="tearDownClass" finished-at="2024-11-15T12:56:09 IST" duration-ms="81" status="PASS">
          <reporter-output>
          </reporter-output>
        </test-method> <!-- tearDownClass -->
      </class> <!-- org.runner.TestRunner -->
    </test> <!-- Default test -->
  </suite> <!-- Default suite -->
</testng-results>
