<?xml version="1.0" encoding="UTF-8"?>
<testng-results ignored="0" total="1" passed="0" failed="1" skipped="0">
  <reporter-output>
  </reporter-output>
  <suite started-at="2024-11-15T11:05:19 IST" name="Default suite" finished-at="2024-11-15T11:06:03 IST" duration-ms="44018">
    <groups>
      <group name="cucumber">
        <method signature="AbstractTestNGCucumberTests.runScenario(io.cucumber.testng.PickleWrapper,io.cucumber.testng.FeatureWrapper)[pri:0, instance:org.runner.TestRunner@cc43f62]" name="runScenario" class="io.cucumber.testng.AbstractTestNGCucumberTests"/>
      </group> <!-- cucumber -->
    </groups>
    <test started-at="2024-11-15T11:05:19 IST" name="Default test" finished-at="2024-11-15T11:06:03 IST" duration-ms="44018">
      <class name="org.runner.TestRunner">
        <test-method is-config="true" signature="setUpClass(org.testng.ITestContext)[pri:0, instance:org.runner.TestRunner@cc43f62]" started-at="2024-11-15T11:05:19 IST" name="setUpClass" finished-at="2024-11-15T11:05:20 IST" duration-ms="1438" status="PASS">
          <params>
            <param index="0">
              <value>
                <![CDATA[org.testng.TestRunner@56b859a6]]>
              </value>
            </param>
          </params>
          <reporter-output>
          </reporter-output>
        </test-method> <!-- setUpClass -->
        <test-method signature="runScenario(io.cucumber.testng.PickleWrapper,io.cucumber.testng.FeatureWrapper)[pri:0, instance:org.runner.TestRunner@cc43f62]" started-at="2024-11-15T11:05:20 IST" name="runScenario" description="Runs Cucumber Scenarios" data-provider="scenarios" finished-at="2024-11-15T11:06:02 IST" duration-ms="42130" status="FAIL">
          <params>
            <param index="0">
              <value>
                <![CDATA["Adjust Slider, Update Text Field, and Verify CPT Codes and Reimbursement"]]>
              </value>
            </param>
            <param index="1">
              <value>
                <![CDATA["FitPeo Revenue Calculator Functionality and Validating"]]>
              </value>
            </param>
          </params>
          <exception class="org.openqa.selenium.NoSuchElementException">
            <message>
              <![CDATA[no such element: Unable to locate element: {"method":"xpath","selector":"//p[text()='Total Recurring Reimbursement for all Patients Per Month:']/child::p[@class='MuiTypography-root MuiTypography-body1 inter css-hocx5c']"}
  (Session info: chrome=130.0.6723.117)
For documentation on this error, please visit: https://www.selenium.dev/documentation/webdriver/troubleshooting/errors#no-such-element-exception
Build info: version: '4.15.0', revision: '1d14b5521b'
System info: os.name: 'Windows 11', os.arch: 'amd64', os.version: '10.0', java.version: '21.0.3'
Driver info: org.openqa.selenium.chrome.ChromeDriver
Command: [8445f0748f5c6984d04d0364bc8e92f4, findElement {using=xpath, value=//p[text()='Total Recurring Reimbursement for all Patients Per Month:']/child::p[@class='MuiTypography-root MuiTypography-body1 inter css-hocx5c']}]
Capabilities {acceptInsecureCerts: false, browserName: chrome, browserVersion: 130.0.6723.117, chrome: {chromedriverVersion: 130.0.6723.116 (6ac35f94ae3..., userDataDir: C:\Users\Lenovo\AppData\Loc...}, fedcm:accounts: true, goog:chromeOptions: {debuggerAddress: localhost:60270}, networkConnectionEnabled: false, pageLoadStrategy: normal, platformName: windows, proxy: Proxy(), se:cdp: ws://localhost:60270/devtoo..., se:cdpVersion: 130.0.6723.117, setWindowRect: true, strictFileInteractability: false, timeouts: {implicit: 0, pageLoad: 300000, script: 30000}, unhandledPromptBehavior: dismiss and notify, webauthn:extension:credBlob: true, webauthn:extension:largeBlob: true, webauthn:extension:minPinLength: true, webauthn:extension:prf: true, webauthn:virtualAuthenticators: true}
Session ID: 8445f0748f5c6984d04d0364bc8e92f4]]>
            </message>
            <full-stacktrace>
              <![CDATA[org.openqa.selenium.NoSuchElementException: no such element: Unable to locate element: {"method":"xpath","selector":"//p[text()='Total Recurring Reimbursement for all Patients Per Month:']/child::p[@class='MuiTypography-root MuiTypography-body1 inter css-hocx5c']"}
  (Session info: chrome=130.0.6723.117)
For documentation on this error, please visit: https://www.selenium.dev/documentation/webdriver/troubleshooting/errors#no-such-element-exception
Build info: version: '4.15.0', revision: '1d14b5521b'
System info: os.name: 'Windows 11', os.arch: 'amd64', os.version: '10.0', java.version: '21.0.3'
Driver info: org.openqa.selenium.chrome.ChromeDriver
Command: [8445f0748f5c6984d04d0364bc8e92f4, findElement {using=xpath, value=//p[text()='Total Recurring Reimbursement for all Patients Per Month:']/child::p[@class='MuiTypography-root MuiTypography-body1 inter css-hocx5c']}]
Capabilities {acceptInsecureCerts: false, browserName: chrome, browserVersion: 130.0.6723.117, chrome: {chromedriverVersion: 130.0.6723.116 (6ac35f94ae3..., userDataDir: C:\Users\Lenovo\AppData\Loc...}, fedcm:accounts: true, goog:chromeOptions: {debuggerAddress: localhost:60270}, networkConnectionEnabled: false, pageLoadStrategy: normal, platformName: windows, proxy: Proxy(), se:cdp: ws://localhost:60270/devtoo..., se:cdpVersion: 130.0.6723.117, setWindowRect: true, strictFileInteractability: false, timeouts: {implicit: 0, pageLoad: 300000, script: 30000}, unhandledPromptBehavior: dismiss and notify, webauthn:extension:credBlob: true, webauthn:extension:largeBlob: true, webauthn:extension:minPinLength: true, webauthn:extension:prf: true, webauthn:virtualAuthenticators: true}
Session ID: 8445f0748f5c6984d04d0364bc8e92f4
at java.base/jdk.internal.reflect.DirectConstructorHandleAccessor.newInstance(DirectConstructorHandleAccessor.java:62)
at java.base/java.lang.reflect.Constructor.newInstanceWithCaller(Constructor.java:502)
at java.base/java.lang.reflect.Constructor.newInstance(Constructor.java:486)
at org.openqa.selenium.remote.codec.w3c.W3CHttpResponseCodec.createException(W3CHttpResponseCodec.java:200)
at org.openqa.selenium.remote.codec.w3c.W3CHttpResponseCodec.decode(W3CHttpResponseCodec.java:133)
at org.openqa.selenium.remote.codec.w3c.W3CHttpResponseCodec.decode(W3CHttpResponseCodec.java:52)
at org.openqa.selenium.remote.HttpCommandExecutor.execute(HttpCommandExecutor.java:191)
at org.openqa.selenium.remote.service.DriverCommandExecutor.invokeExecute(DriverCommandExecutor.java:200)
at org.openqa.selenium.remote.service.DriverCommandExecutor.execute(DriverCommandExecutor.java:175)
at org.openqa.selenium.remote.RemoteWebDriver.execute(RemoteWebDriver.java:607)
at org.openqa.selenium.remote.ElementLocation$ElementFinder$2.findElement(ElementLocation.java:165)
at org.openqa.selenium.remote.ElementLocation.findElement(ElementLocation.java:59)
at org.openqa.selenium.remote.RemoteWebDriver.findElement(RemoteWebDriver.java:364)
at org.openqa.selenium.remote.RemoteWebDriver.findElement(RemoteWebDriver.java:358)
at org.openqa.selenium.support.pagefactory.DefaultElementLocator.findElement(DefaultElementLocator.java:68)
at org.openqa.selenium.support.pagefactory.internal.LocatingElementHandler.invoke(LocatingElementHandler.java:38)
at jdk.proxy2/jdk.proxy2.$Proxy25.getText(Unknown Source)
at org.resuable.Reusable.getText(Reusable.java:62)
at org.pom.POM.totalReimbursement(POM.java:81)
at org.stepDefenition.StepDefenition.iCompareTotalRecurringReimbursementWithSelectedValue(StepDefenition.java:67)
at ✽.I compare Total Recurring Reimbursement with selected value(file:///C:/Users/Lenovo/eclipse-workspace_Sakthi/FitPeoAssessment/src/test/resources/Features/Feature_01.feature:12)
]]>
            </full-stacktrace>
          </exception> <!-- org.openqa.selenium.NoSuchElementException -->
          <reporter-output>
          </reporter-output>
        </test-method> <!-- runScenario -->
        <test-method is-config="true" signature="tearDownClass()[pri:0, instance:org.runner.TestRunner@cc43f62]" started-at="2024-11-15T11:06:02 IST" name="tearDownClass" finished-at="2024-11-15T11:06:03 IST" duration-ms="342" status="PASS">
          <reporter-output>
          </reporter-output>
        </test-method> <!-- tearDownClass -->
      </class> <!-- org.runner.TestRunner -->
    </test> <!-- Default test -->
  </suite> <!-- Default suite -->
</testng-results>
